Arguments: 
  C:\Program Files\nodejs\node.exe C:\Users\12391\.node\corepack\yarn\1.22.15\bin\yarn.js init

PATH: 
  C:\ProgramData\Anaconda3;C:\ProgramData\Anaconda3\Library\mingw-w64\bin;C:\ProgramData\Anaconda3\Library\usr\bin;C:\ProgramData\Anaconda3\Library\bin;C:\ProgramData\Anaconda3\Scripts;C:\ProgramData\Anaconda3\bin;C:\ProgramData\Anaconda3\condabin;C:\Program Files\NVIDIA GPU Computing Toolkit\CUDA\v11.4\bin;C:\Program Files\NVIDIA GPU Computing Toolkit\CUDA\v11.4\libnvvp;C:\Windows\system32;C:\Windows;C:\Windows\System32\Wbem;C:\Windows\System32\WindowsPowerShell\v1.0;C:\Windows\System32\OpenSSH;C:\Program Files (x86)\NVIDIA Corporation\PhysX\Common;C:\Program Files\NVIDIA Corporation\NVIDIA NvDLISR;C:\ProgramData\Anaconda3\Scripts;C:\Program Files\apache-tomcat-8.5.43\bin;C:\Program Files\Java\jdk-11.0.4\bin;C:\Program Files\apache-maven-3.6.3\bin;C:\Program Files\gradle-6.4.1\bin;C:\Go\bin;C:\Users\12391\go\bin;C:\WINDOWS\system32;C:\WINDOWS;C:\WINDOWS\System32\Wbem;C:\WINDOWS\System32\WindowsPowerShell\v1.0;C:\WINDOWS\System32\OpenSSH;C:\Program Files\MySQL\MySQL Server 5.5\bin;C:\Program Files\dotnet;C:\tools\cuda\bin;C:\Program Files\NVIDIA Corporation\Nsight Compute 2021.2.0;C:\Program Files\Hugo\bin;C:\Program Files\Git\cmd;C:\ProgramData\chocolatey\bin;.;C:\Program Files\Docker\Docker\resources\bin;C:\ProgramData\DockerDesktop\version-bin;C:\Program Files\nodejs;C:\Users\12391\scoop\shims;C:\Users\12391\AppData\Local\Microsoft\WindowsApps;C:\Users\12391\AppData\Local\Programs\Microsoft VS Code\bin;C:\Users\12391\AppData\Local\GitHubDesktop\bin;C:\Users\12391\AppData\Local\Microsoft\WindowsApps;C:\Users\12391\.dotnet\tools;C:\Users\12391\AppData\Roaming\npm

Yarn version: 
  1.22.15

Node version: 
  16.13.1

Platform: 
  win32 x64

Trace: 
  Error: canceled
      at Interface.<anonymous> (C:\Users\12391\.node\corepack\yarn\1.22.15\lib\cli.js:137145:13)
      at Interface.emit (node:events:390:28)
      at Interface._ttyWrite (node:readline:1081:16)
      at ReadStream.onkeypress (node:readline:288:10)
      at ReadStream.emit (node:events:390:28)
      at emitKeys (node:internal/readline/utils:358:14)
      at emitKeys.next (<anonymous>)
      at ReadStream.onData (node:internal/readline/emitKeypressEvents:61:36)
      at ReadStream.emit (node:events:390:28)
      at addChunk (node:internal/streams/readable:315:12)

npm manifest: 
  No manifest

yarn manifest: 
  No manifest

Lockfile: 
  No lockfile
